<?xml version="1.0" encoding="UTF-8"?>
<!-- Generated by org.testng.reporters.JUnitXMLReporter -->
<testsuite ignored="0" hostname="DESKTOP-RQ71PTT" failures="0" tests="4" name="Default test" time="0.467" errors="0" timestamp="2023-08-08T16:00:44 IST">
  <testcase classname="com.testng.PriorityTest" name="f" time="0.044"/>
  <testcase classname="com.testng.PriorityTest" name="f3" time="0.018"/>
  <testcase classname="com.testng.PriorityTest" name="f1" time="0.021"/>
  <testcase classname="com.testng.PriorityTest" name="f2" time="0.003"/>
</testsuite> <!-- Default test -->
