<?xml version="1.0" encoding="UTF-8"?>
<testng-results ignored="0" total="4" passed="4" failed="0" skipped="0">
  <reporter-output>
  </reporter-output>
  <suite started-at="2023-08-08T16:00:44 IST" name="Default suite" finished-at="2023-08-08T16:00:44 IST" duration-ms="467">
    <groups>
    </groups>
    <test started-at="2023-08-08T16:00:44 IST" name="Default test" finished-at="2023-08-08T16:00:44 IST" duration-ms="467">
      <class name="com.testng.PriorityTest">
        <test-method signature="f()[pri:-1, instance:com.testng.PriorityTest@57cf54e1]" started-at="2023-08-08T16:00:44 IST" name="f" finished-at="2023-08-08T16:00:44 IST" duration-ms="44" status="PASS">
          <reporter-output>
          </reporter-output>
        </test-method> <!-- f -->
        <test-method signature="f3()[pri:0, instance:com.testng.PriorityTest@57cf54e1]" started-at="2023-08-08T16:00:44 IST" name="f3" finished-at="2023-08-08T16:00:44 IST" duration-ms="18" status="PASS">
          <reporter-output>
          </reporter-output>
        </test-method> <!-- f3 -->
        <test-method signature="f1()[pri:1, instance:com.testng.PriorityTest@57cf54e1]" started-at="2023-08-08T16:00:44 IST" name="f1" finished-at="2023-08-08T16:00:44 IST" duration-ms="21" status="PASS">
          <reporter-output>
          </reporter-output>
        </test-method> <!-- f1 -->
        <test-method signature="f2()[pri:2, instance:com.testng.PriorityTest@57cf54e1]" started-at="2023-08-08T16:00:44 IST" name="f2" finished-at="2023-08-08T16:00:44 IST" duration-ms="3" status="PASS">
          <reporter-output>
          </reporter-output>
        </test-method> <!-- f2 -->
      </class> <!-- com.testng.PriorityTest -->
    </test> <!-- Default test -->
  </suite> <!-- Default suite -->
</testng-results>
